1600203716635	geckodriver	INFO	Listening on 127.0.0.1:55744
1600203719623	mozrunner::runner	INFO	Running command: "C:\\Program Files (x86)\\Mozilla Firefox\\firefox.exe" "--marionette" "-foreground" "-no-remote" "-profile" "C:\\Users\\gurio\\AppData\\Local\\Temp\\rust_mozprofileww3Vws"
1600203804825	geckodriver	INFO	Listening on 127.0.0.1:55793
1600203807777	mozrunner::runner	INFO	Running command: "C:\\Program Files (x86)\\Mozilla Firefox\\firefox.exe" "--marionette" "-foreground" "-no-remote" "-profile" "C:\\Users\\gurio\\AppData\\Local\\Temp\\rust_mozprofileEh6HnL"
JavaScript error: resource://gre/modules/XULStore.jsm, line 66: Error: Can't find profile directory.
console.error: SearchCache: "_readCacheFile: Error reading cache file:" (new Error("", "(unknown module)"))
1600203814195	Marionette	INFO	Listening on port 55803
1600203814292	Marionette	WARN	TLS certificate errors will be ignored for this session
1600203836237	Marionette	INFO	Stopped listening on port 55803

###!!! [Child][MessageChannel::SendAndWait] Error: Channel error: cannot send/recv

1600203837259	geckodriver	INFO	Listening on 127.0.0.1:55863
1600203840275	mozrunner::runner	INFO	Running command: "C:\\Program Files (x86)\\Mozilla Firefox\\firefox.exe" "--marionette" "-foreground" "-no-remote" "-profile" "C:\\Users\\gurio\\AppData\\Local\\Temp\\rust_mozprofile3o5mqz"
JavaScript error: resource://gre/modules/XULStore.jsm, line 66: Error: Can't find profile directory.
console.error: SearchCache: "_readCacheFile: Error reading cache file:" (new Error("", "(unknown module)"))
1600203846661	Marionette	INFO	Listening on port 55871
1600203846705	Marionette	WARN	TLS certificate errors will be ignored for this session
1600206983352	Marionette	INFO	Stopped listening on port 55871

###!!! [Child][RunMessage] Error: Channel closing: too late to send/recv, messages will be lost


###!!! [Child][MessageChannel::SendAndWait] Error: Channel error: cannot send/recv

ocal\\Temp\\rust_mozprofilea47H1G"
JavaScript error: resource://gre/modules/XULStore.jsm, line 66: Error: Can't find profile directory.
console.error: SearchCache: "_readCacheFile: Error reading cache file:" (new Error("", "(unknown module)"))
1600203900771	Marionette	INFO	Listening on port 55945
1600203900855	Marionette	WARN	TLS certificate errors will be ignored for this session
JavaScript error: , line 0: uncaught exception: Object
SourceActor threw an exception: [Exception... "Component returned failure code: 0x80470002 (NS_BASE_STREAM_CLOSED) [nsIInputStream.available]"  nsresult: "0x80470002 (NS_BASE_STREAM_CLOSED)"  location: "JS frame :: resource://devtools/shared/DevToolsUtils.js :: onResponse :: line 560"  data: no]
Stack: onResponse@resource://devtools/shared/DevToolsUtils.js:560:34
onStopRequest@resource://gre/modules/NetUtil.jsm:128:18
Line: 560, column: 0
console.error: ({})
JavaScript error: resource://devtools/shared/DevToolsUtils.js, line 560: NS_BASE_STREAM_CLOSED: Component returned failure code: 0x80470002 (NS_BASE_STREAM_CLOSED) [nsIInputStream.available]
console.error: (new TypeError("container.node.targetFront is null", "resource://devtools/client/inspector/markup/markup.js", 2271))
console.error: (new TypeError("container.node.targetFront is null", "resource://devtools/client/inspector/markup/markup.js", 2271))
console.error: (new TypeError("container.node.targetFront is null", "resource://devtools/client/inspector/markup/markup.js", 2271))
JavaScript warning: https://www.instagram.com/static/bundles/es6/Vendor.js/c911f5848b78.js, line 11: Script terminated by timeout at:
er@https://www.instagram.com/static/bundles/es6/Vendor.js/c911f5848b78.js:11:46074
Jn@https://www.instagram.com/static/bundles/es6/Vendor.js/c911f5848b78.js:11:46033
Eu@https://www.instagram.com/static/bundles/es6/Vendor.js/c911f5848b78.js:11:111590
Qr@https://www.instagram.com/static/bundles/es6/Vendor.js/c911f5848b78.js:11:63928
Hr@https://www.instagram.com/static/bundles/es6/Vendor.js/c911f5848b78.js:11:63825
Rr@https://www.instagram.com/static/bundles/es6/Vendor.js/c911f5848b78.js:11:60760
Kt/<@https://www.instagram.com/static/bundles/es6/Vendor.js/c911f5848b78.js:11:24867
e.unstable_runWithPriority@https://www.instagram.com/static/bundles/es6/Vendor.js/c911f5848b78.js:13:3497
Vt@https://www.instagram.com/static/bundles/es6/Vendor.js/c911f5848b78.js:11:24432
Kt@https://www.instagram.com/static/bundles/es6/Vendor.js/c911f5848b78.js:11:24815
Qt@https://www.instagram.com/static/bundles/es6/Vendor.js/c911f5848b78.js:11:24748
Fr@https://www.instagram.com/static/bundles/es6/Vendor.js/c911f5848b78.js:11:61444
Le@https://www.instagram.com/static/bundles/es6/Vendor.js/c911f5848b78.js:11:15269

SourceActor threw an exception: [Exception... "Component returned failure code: 0x80470002 (NS_BASE_STREAM_CLOSED) [nsIInputStream.available]"  nsresult: "0x80470002 (NS_BASE_STREAM_CLOSED)"  location: "JS frame :: resource://devtools/shared/DevToolsUtils.js :: onResponse :: line 560"  data: no]
Stack: onResponse@resource://devtools/shared/DevToolsUtils.js:560:34
onStopRequest@resource://gre/modules/NetUtil.jsm:128:18
Line: 560, column: 0
console.error: ({})
JavaScript error: resource://devtools/shared/DevToolsUtils.js, line 560: NS_BASE_STREAM_CLOSED: Component returned failure code: 0x80470002 (NS_BASE_STREAM_CLOSED) [nsIInputStream.available]
JavaScript error: resource://gre/modules/XULStore.jsm, line 66: Error: Can't find profile directory.
JavaScript error: resource://gre/modules/XULStore.jsm, line 66: Error: Can't find profile directory.
JavaScript error: resource://gre/modules/XULStore.jsm, line 66: Error: Can't find profile directory.
1600204398485	Marionette	INFO	Stopped listening on port 55945

###!!! [Child][RunMessage] Error: Channel closing: too late to send/recv, messages will be lost


###!!! [Child][MessageChannel::SendAndWait] Error: Channel error: cannot send/recv

1600208397018	geckodriver	INFO	Listening on 127.0.0.1:56818
1600208399987	mozrunner::runner	INFO	Running command: "C:\\Program Files (x86)\\Mozilla Firefox\\firefox.exe" "--marionette" "-foreground" "-no-remote" "-profile" "C:\\Users\\gurio\\AppData\\Local\\Temp\\rust_mozprofileinuH2A"
JavaScript error: resource://gre/modules/XULStore.jsm, line 66: Error: Can't find profile directory.
console.error: SearchCache: "_readCacheFile: Error reading cache file:" (new Error("", "(unknown module)"))
1600208403933	Marionette	INFO	Listening on port 56826
1600208404111	Marionette	WARN	TLS certificate errors will be ignored for this session
1600208414564	Marionette	WARN	TimedPromise timed out after 500 ms: stacktrace:
TimedPromise/<@chrome://marionette/content/sync.js:245:13
TimedPromise@chrome://marionette/content/sync.js:230:10
interaction.flushEventLoop@chrome://marionette/content/interaction.js:416:10
webdriverClickElement@chrome://marionette/content/interaction.js:182:31
1600209502137	Marionette	INFO	Stopped listening on port 56826

###!!! [Child][RunMessage] Error: Channel closing: too late to send/recv, messages will be lost


###!!! [Child][MessageChannel::SendAndWait] Error: Channel error: cannot send/recv

ocal\\Temp\\rust_mozprofileTffseV"
JavaScript error: resource://gre/modules/XULStore.jsm, line 66: Error: Can't find profile directory.
console.error: SearchCache: "_readCacheFile: Error reading cache file:" (new Error("", "(unknown module)"))
1600209498580	Marionette	INFO	Listening on port 57024
1600209499082	Marionette	WARN	TLS certificate errors will be ignored for this session
1600209532332	Marionette	INFO	Stopped listening on port 57021600209533267	mozrunner::runner	INFO	Running command: "C:\\Program Files (x86)\\Mozilla Firefox\\firefox.exe" "--marionette" "-foreground" "-no-remote" "-profile" "C:\\Users\\gurio\\AppData\\Local\\Temp\\rust_mozprofileRi91PY"
JavaScript error: resource://gre/modules/XULStore.jsm, line 66: Error: Can't find profile directory.
console.error: SearchCache: "_readCacheFile: Error reading cache file:" (new Error("", "(unknown module)"))
1600209537467	Marionette	INFO	Listening on port 57084
1600209537512	Marionette	WARN	TLS certificate errors will be ignored for this session
1600212882712	Marionette	INFO	Stopped listening on port 57084

###!!! [Child][RunMessage] Error: Channel closing: too late to send/recv, messages will be lost


###!!! [Child][MessageChannel::SendAndWait] Error: Channel error: cannot send/recv

ocal\\Temp\\rust_mozprofiletG5o2u"
JavaScript error: resource://gre/modules/XULStore.jsm, line 66: Error: Can't find profile directory.
console.error: SearchCache: "_readCacheFile: Error reading cache file:" (new Error("", "(unknown module)"))
1600210513007	Marionette	INFO	Listening on port 57312
1600210513132	Marionette	WARN	TLS certificate errors will be ignored for this session
1600210523732	Marionette	WARN	TimedPromise timed out after 500 ms: stacktrace:
TimedPromise/<@chrome://marionette/content/sync.js:245:13
TimedPromise@chrome://marionette/content/sync.js:230:10
interaction.flushEventLoop@chrome://marionette/content/interaction.js:416:10
webdriverClickElement@chrome://marionette/content/interaction.js:182:31
1600210532733	Marionette	INFO	Stopped listening on port 57312

###!!! [Child][RunMessage] Error: Channel closing: too late to send/recv, messages will be lost


###!!! [Child][MessageChannel::SendAndWait] Error: Channel error: cannot send/recv

1600210720678	geckodriver	INFO	Listening on 127.0.0.1:57393
1600210723775	mozrunner::runner	INFO	Running command: "C:\\Program Files (x86)\\Mozilla Firefox\\firefox.exe" "--marionette" "-foreground" "-no-remote" "-profile" "C:\\Users\\gurio\\AppData\\Local\\Temp\\rust_mozprofileACpTuY"
JavaScript error: resource://gre/modules/XULStore.jsm, line 66: Error: Can't find profile directory.
console.error: SearchCache: "_readCacheFile: Error reading cache file:" (new Error("", "(unknown module)"))
1600210728000	Marionette	INFO	Listening on port 57401
1600210728036	Marionette	WARN	TLS certificate errors will be ignored for this session
1600210738484	Marionette	WARN	TimedPromise timed out after 500 ms: stacktrace:
TimedPromise/<@chrome://marionette/content/sync.js:245:13
TimedPromise@chrome://marionette/content/sync.js:230:10
interaction.flushEventLoop@chrome://marionette/content/interaction.js:416:10
webdriverClickElement@chrome://marionette/content/interaction.js:182:31
1600210742450	Marionette	INFO	Stopped listening on port 57401

###!!! [Child][RunMessage] Error: Channel closing: too late to send/recv, messages will be lost


###!!! [Child][MessageChannel::SendAndWait] Error: Channel error: cannot send/recv

1600210860033	geckodriver	INFO	Listening on 127.0.0.1:57468
1600210862991	mozrunner::runner	INFO	Running command: "C:\\Program Files (x86)\\Mozilla Firefox\\firefox.exe" "--marionette" "-foreground" "-no-remote" "-profile" "C:\\Users\\gurio\\AppData\\Local\\Temp\\rust_mozprofilenfqCgE"
JavaScript error: resource://gre/modules/XULStore.jsm, line 66: Error: Can't find profile directory.
console.error: SearchCache: "_readCacheFile: Error reading cache file:" (new Error("", "(unknown module)"))
1600210867130	Marionette	INFO	Listening on port 57476
1600210867207	Marionette	WARN	TLS certificate errors will be ignored for this session
1600210877556	Marionette	WARN	TimedPromise timed out after 500 ms: stacktrace:
TimedPromise/<@chrome://marionette/content/sync.js:245:13
TimedPromise@chrome://marionette/content/sync.js:230:10
interaction.flushEventLoop@chrome://marionette/content/interaction.js:416:10
webdriverClickElement@chrome://marionette/content/interaction.js:182:31
1600210891034	Marionette	INFO	Stopped listening on port 57476

###!!! [Child][RunMessage] Error: Channel closing: too late to send/recv, messages will be lost


###!!! [Child][MessageChannel::SendAndWait] Error: Channel error: cannot send/recv

1600211734160	geckodriver	INFO	Listening on 127.0.0.1:57664
1600211737163	mozrunner::runner	INFO	Running command: "C:\\Program Files (x86)\\Mozilla Firefox\\firefox.exe" "--marionette" "-foreground" "-no-remote" "-profile" "C:\\Users\\gurio\\AppData\\Local\\Temp\\rust_mozprofilePp0uDK"
JavaScript error: resource://gre/modules/XULStore.jsm, line 66: Error: Can't find profile directory.
console.error: SearchCache: "_readCacheFile: Error reading cache file:" (new Error("", "(unknown module)"))
1600211741266	Marionette	INFO	Listening on port 57672
1600211741281	Marionette	WARN	TLS certificate errors will be ignored for this session
1600211752122	Marionette	WARN	TimedPromise timed out after 500 ms: stacktrace:
TimedPromise/<@chrome://marionette/content/sync.js:245:13
TimedPromise@chrome://marionette/content/sync.js:230:10
interaction.flushEventLoop@chrome://marionette/content/interaction.js:416:10
webdriverClickElement@chrome://marionette/content/interaction.js:182:31
1600211763049	Marionette	INFO	Stopped listening on port 57672

###!!! [Child][RunMessage] Error: Channel closing: too late to send/recv, messages will be lost


###!!! [Child][MessageChannel::SendAndWait] Error: Channel error: cannot send/recv

1600212805066	geckodriver	INFO	Listening on 127.0.0.1:57863
1600212808043	mozrunner::runner	INFO	Running command: "C:\\Program Files (x86)\\Mozilla Firefox\\firefox.exe" "--marionette" "-foreground" "-no-remote" "-profile" "C:\\Users\\gurio\\AppData\\Local\\Temp\\rust_mozprofileqyPPfR"
JavaScript error: resource://gre/modules/XULStore.jsm, line 66: Error: Can't find profile directory.
console.error: SearchCache: "_readCacheFile: Error reading cache file:" (new Error("", "(unknown module)"))
1600212813012	Marionette	INFO	Listening on port 57871
1600212813279	Marionette	WARN	TLS certificate errors will be ignored for this session
[Child 30504, Chrome_ChildThread] WARNING: pipe error: 232: file /builds/worker/checkouts/gecko/ipc/chromium/src/chrome/common/ipc_channel_win.cc, line 545
1600212816962	Marionette	INFO	Stopped listening on port 57871

###!!! [Child][RunMessage] Error: Channel closing: too late to send/recv, messages will be lost


###!!! [Child][MessageChannel::SendAndWait] Error: Channel error: cannot send/recv

1600212870010	geckodriver	INFO	Listening on 127.0.0.1:57915
1600212873034	mozrunner::runner	INFO	Running command: "C:\\Program Files (x86)\\Mozilla Firefox\\firefox.exe" "--marionette" "-foreground" "-no-remote" "-profile" "C:\\Users\\gurio\\AppData\\Local\\Temp\\rust_mozprofilevAEBw9"
JavaScript error: resource://gre/modules/XULStore.jsm, line 66: Error: Can't find profile directory.
console.error: SearchCache: "_readCacheFile: Error reading cache file:" (new Error("", "(unknown module)"))
1600212877097	Marionette	INFO	Listening on port 57925
1600212877177	Marionette	WARN	TLS certificate errors will be ignored for this session

###!!! [Child][RunMessage] Error: Channel closing: too late to send/recv, messages will be lost


###!!! [Child][RunMessage] Error: Channel closing: too late to send/recv, messages will be lost


###!!! [Child][RunMessage] Error: Channel closing: too late to send/recv, messages will be lost

1600212988842	Marionette	INFO	Stopped listening on port 57925

###!!! [Child][RunMessage] Error: Channel closing: too late to send/recv, messages will be lost


###!!! [Child][MessageChannel::SendAndWait] Error: Channel error: cannot send/recv

00212957452	Marionette	WARN	TLS certificate errors will be ignored for this session
1600212968073	Marionette	WARN	TimedPromise timed out after 500 ms: stacktrace:
TimedPromise/<@chrome://marionette/content/sync.js:245:13
TimedPromise@chrome://marionette/content/sync.js:230:10
interaction.flushEventLoop@chrome://marionette/content/interaction.js:416:10
webdriverClickElement@chrome://marionette/content/interaction.js:182:31
